[debug] [2022-10-31T22:34:06.960Z] ----------------------------------------------------------------------
[debug] [2022-10-31T22:34:06.960Z] Command:       /Users/chaomingli/.nvm/versions/node/v17.2.0/bin/node /Users/chaomingli/.nvm/versions/node/v17.2.0/bin/firebase deploy
[debug] [2022-10-31T22:34:06.961Z] CLI Version:   11.15.0
[debug] [2022-10-31T22:34:06.961Z] Platform:      darwin
[debug] [2022-10-31T22:34:06.961Z] Node Version:  v17.2.0
[debug] [2022-10-31T22:34:06.961Z] Time:          Tue Nov 01 2022 09:34:06 GMT+1100 (Australian Eastern Daylight Time)
[debug] [2022-10-31T22:34:06.962Z] ----------------------------------------------------------------------
[debug] 
[debug] [2022-10-31T22:34:06.992Z] > command requires scopes: ["email","openid","https://www.googleapis.com/auth/cloudplatformprojects.readonly","https://www.googleapis.com/auth/firebase","https://www.googleapis.com/auth/cloud-platform"]
[debug] [2022-10-31T22:34:06.992Z] > authorizing via signed-in user (chaoming.li@heydata.com.au)
[debug] [2022-10-31T22:34:06.992Z] [iam] checking project fireactjs-demo for permissions ["cloudfunctions.functions.create","cloudfunctions.functions.delete","cloudfunctions.functions.get","cloudfunctions.functions.list","cloudfunctions.functions.update","cloudfunctions.operations.get","datastore.indexes.create","datastore.indexes.delete","datastore.indexes.list","datastore.indexes.update","firebase.projects.get","firebasehosting.sites.update"]
[debug] [2022-10-31T22:34:06.993Z] >>> [apiv2][query] POST https://cloudresourcemanager.googleapis.com/v1/projects/fireactjs-demo:testIamPermissions [none]
[debug] [2022-10-31T22:34:06.993Z] >>> [apiv2][(partial)header] POST https://cloudresourcemanager.googleapis.com/v1/projects/fireactjs-demo:testIamPermissions x-goog-quota-user=projects/fireactjs-demo
[debug] [2022-10-31T22:34:06.993Z] >>> [apiv2][body] POST https://cloudresourcemanager.googleapis.com/v1/projects/fireactjs-demo:testIamPermissions {"permissions":["cloudfunctions.functions.create","cloudfunctions.functions.delete","cloudfunctions.functions.get","cloudfunctions.functions.list","cloudfunctions.functions.update","cloudfunctions.operations.get","datastore.indexes.create","datastore.indexes.delete","datastore.indexes.list","datastore.indexes.update","firebase.projects.get","firebasehosting.sites.update"]}
[debug] [2022-10-31T22:34:07.457Z] <<< [apiv2][status] POST https://cloudresourcemanager.googleapis.com/v1/projects/fireactjs-demo:testIamPermissions 200
[debug] [2022-10-31T22:34:07.457Z] <<< [apiv2][body] POST https://cloudresourcemanager.googleapis.com/v1/projects/fireactjs-demo:testIamPermissions {"permissions":["cloudfunctions.functions.create","cloudfunctions.functions.delete","cloudfunctions.functions.get","cloudfunctions.functions.list","cloudfunctions.functions.update","cloudfunctions.operations.get","datastore.indexes.create","datastore.indexes.delete","datastore.indexes.list","datastore.indexes.update","firebase.projects.get","firebasehosting.sites.update"]}
[debug] [2022-10-31T22:34:07.457Z] >>> [apiv2][query] POST https://iam.googleapis.com/v1/projects/fireactjs-demo/serviceAccounts/fireactjs-demo@appspot.gserviceaccount.com:testIamPermissions [none]
[debug] [2022-10-31T22:34:07.457Z] >>> [apiv2][body] POST https://iam.googleapis.com/v1/projects/fireactjs-demo/serviceAccounts/fireactjs-demo@appspot.gserviceaccount.com:testIamPermissions {"permissions":["iam.serviceAccounts.actAs"]}
[debug] [2022-10-31T22:34:07.878Z] <<< [apiv2][status] POST https://iam.googleapis.com/v1/projects/fireactjs-demo/serviceAccounts/fireactjs-demo@appspot.gserviceaccount.com:testIamPermissions 200
[debug] [2022-10-31T22:34:07.878Z] <<< [apiv2][body] POST https://iam.googleapis.com/v1/projects/fireactjs-demo/serviceAccounts/fireactjs-demo@appspot.gserviceaccount.com:testIamPermissions {"permissions":["iam.serviceAccounts.actAs"]}
[debug] [2022-10-31T22:34:07.878Z] >>> [apiv2][query] GET https://firebase.googleapis.com/v1beta1/projects/fireactjs-demo [none]
[debug] [2022-10-31T22:34:08.552Z] <<< [apiv2][status] GET https://firebase.googleapis.com/v1beta1/projects/fireactjs-demo 200
[debug] [2022-10-31T22:34:08.552Z] <<< [apiv2][body] GET https://firebase.googleapis.com/v1beta1/projects/fireactjs-demo {"projectId":"fireactjs-demo","projectNumber":"695755338618","displayName":"fireactjs-demo","name":"projects/fireactjs-demo","resources":{"hostingSite":"fireactjs-demo","storageBucket":"fireactjs-demo.appspot.com","locationId":"us-central"},"state":"ACTIVE","etag":"1_e4a08149-eda5-4393-b47a-f311393bee3b"}
[info] 
[info] === Deploying to 'fireactjs-demo'...
[info] 
[info] i  deploying firestore, functions, hosting 
[info] i  firestore: reading indexes from firestore.indexes.json... 
[info] i  cloud.firestore: checking firestore.rules for compilation errors... 
[debug] [2022-10-31T22:34:08.555Z] >>> [apiv2][query] POST https://firebaserules.googleapis.com/v1/projects/fireactjs-demo:test [none]
[debug] [2022-10-31T22:34:08.555Z] >>> [apiv2][body] POST https://firebaserules.googleapis.com/v1/projects/fireactjs-demo:test [omitted]
